<?xml version="1.0" encoding="UTF-8"?>
<!-- Generated by org.testng.reporters.JUnitReportReporter -->
<testsuite hostname="DESKTOP-K6N0JTF" failures="0" tests="1" name="Testcases.Testlogin" time="2.557" errors="0" timestamp="2022-10-17T11:52:33 PDT" skipped="0">
  <testcase classname="Testcases.Testlogin" name="testLogin" time="2.557"/>
  <system-out/>
</testsuite> <!-- Testcases.Testlogin -->
